{
  "stats": {
    "suites": 1,
    "tests": 0,
    "passes": 0,
    "pending": 0,
    "failures": 0,
    "start": "2020-04-15T16:29:22.363Z",
    "end": "2020-04-15T16:29:27.710Z",
    "duration": 5347,
    "testsRegistered": 1,
    "passPercent": 0,
    "pendingPercent": 0,
    "other": 0,
    "hasOther": false,
    "skipped": 1,
    "hasSkipped": true
  },
  "results": [
    {
      "uuid": "094bc658-1e64-4247-957a-37b02708ae93",
      "title": "",
      "fullFile": "cypress/integration/Column6/dashboardRegression.spec.js",
      "file": "cypress/integration/Column6/dashboardRegression.spec.js",
      "beforeHooks": [],
      "afterHooks": [],
      "tests": [],
      "suites": [
        {
          "uuid": "fb22d81e-c7a0-4d81-bc5a-721699167d07",
          "title": "Dashboard regression testing",
          "fullFile": "",
          "file": "",
          "beforeHooks": [],
          "afterHooks": [],
          "tests": [
            {
              "title": "demandFlow",
              "fullTitle": "Dashboard regression testing demandFlow",
              "timedOut": null,
              "duration": 0,
              "state": "skipped",
              "speed": null,
              "pass": false,
              "fail": false,
              "pending": false,
              "context": null,
              "code": "cy.login();\ncy.createAdvertiser();\ncy.createIO();\ncy.createCampaign();\ncy.createTagMedia();",
              "err": {},
              "uuid": "97891960-943a-457c-829d-9d757f3ea8bd",
              "parentUUID": "fb22d81e-c7a0-4d81-bc5a-721699167d07",
              "isHook": false,
              "skipped": true
            }
          ],
          "suites": [],
          "passes": [],
          "failures": [],
          "pending": [],
          "skipped": [
            "97891960-943a-457c-829d-9d757f3ea8bd"
          ],
          "duration": 0,
          "root": false,
          "rootEmpty": false,
          "_timeout": 2000
        }
      ],
      "passes": [],
      "failures": [],
      "pending": [],
      "skipped": [],
      "duration": 0,
      "root": true,
      "rootEmpty": true,
      "_timeout": 2000
    }
  ],
  "meta": {
    "mocha": {
      "version": "7.1.1"
    },
    "mochawesome": {
      "options": {
        "quiet": false,
        "reportFilename": "mochawesome",
        "saveHtml": false,
        "saveJson": true,
        "consoleReporter": "spec",
        "useInlineDiffs": false,
        "code": true
      },
      "version": "5.0.0"
    },
    "marge": {
      "options": {
        "id": "default",
        "reportDir": "cypress/reports/mocha",
        "overwrite": false,
        "html": false,
        "json": true
      },
      "version": "4.1.0"
    }
  }
}