{
  "stats": {
    "suites": 1,
    "tests": 1,
    "passes": 0,
    "pending": 0,
    "failures": 1,
    "start": "2020-04-23T18:32:24.523Z",
    "end": "2020-04-23T18:32:26.690Z",
    "duration": 2167,
    "testsRegistered": 1,
    "passPercent": 0,
    "pendingPercent": 0,
    "other": 0,
    "hasOther": false,
    "skipped": 0,
    "hasSkipped": false
  },
  "results": [
    {
      "uuid": "f19d0c20-567d-4f83-b64f-4f0a8cd9afda",
      "title": "",
      "fullFile": "cypress/integration/Column6/newDashboard.spec.js",
      "file": "cypress/integration/Column6/newDashboard.spec.js",
      "beforeHooks": [],
      "afterHooks": [],
      "tests": [],
      "suites": [
        {
          "uuid": "5ff02386-978c-44ac-ae48-0f0952a50d4b",
          "title": "New Dashboard testing",
          "fullFile": "",
          "file": "",
          "beforeHooks": [],
          "afterHooks": [],
          "tests": [
            {
              "title": "DemandFlow",
              "fullTitle": "New Dashboard testing DemandFlow",
              "timedOut": null,
              "duration": 2142,
              "state": "failed",
              "speed": null,
              "pass": false,
              "fail": true,
              "pending": false,
              "context": null,
              "code": "cy.visit(\"http://localhost:3000\");\ncy.get(\".MuiPaper-root > :nth-child(1) > .MuiListItem-root\").should(\"be.visible\");\ncy.get('[aria-label=\"reporting menu\"]').should(\"be.visible\");\ncy.get('[aria-label=\"supply menu\"]').should(\"be.visible\");\ncy.get('[aria-label=\"demand menu\"]').should(\"be.visible\");\ncy.get('[aria-label=\"admin menu\"]').should(\"be.visible\");\ncy.get('[aria-label=\"user settings menu\"]').should(\"be.visible\");\ncy.get('[aria-label=\"notifications\"]').should(\"be.visible\");\ncy.get('[aria-label=\"help menu\"]').should(\"be.visible\");\ncy.get('[aria-label=\"logout\"]').should(\"be.visible\"); // Click this\ncy.get('[aria-label=\"supply menu\"]').click();\ncy.get('.MuiList-root > [href=\"/publishers\"]').click();",
              "err": {
                "message": "CypressError: `cy.visit()` failed trying to load:\n\nhttp://localhost:3000/\n\nWe attempted to make an http request to this URL but the request failed without a response.\n\nWe received this error at the network level:\n\n  > Error: connect ECONNREFUSED 127.0.0.1:3000\n\nCommon situations why this would fail:\n  - you don't have internet access\n  - you forgot to run / boot your web server\n  - your web server isn't accessible\n  - you have weird network configuration settings on your computer\n\nThe stack trace for this error is:\n\nError: connect ECONNREFUSED 127.0.0.1:3000\n    at TCPConnectWrap.afterConnect [as oncomplete] (net.js:1128:14)\n",
                "estack": "CypressError: `cy.visit()` failed trying to load:\n\nhttp://localhost:3000/\n\nWe attempted to make an http request to this URL but the request failed without a response.\n\nWe received this error at the network level:\n\n  > Error: connect ECONNREFUSED 127.0.0.1:3000\n\nCommon situations why this would fail:\n  - you don't have internet access\n  - you forgot to run / boot your web server\n  - your web server isn't accessible\n  - you have weird network configuration settings on your computer\n\nThe stack trace for this error is:\n\nError: connect ECONNREFUSED 127.0.0.1:3000\n    at TCPConnectWrap.afterConnect [as oncomplete] (net.js:1128:14)\n\n",
                "diff": null
              },
              "uuid": "b28bcd5c-8b6b-4134-8d79-fd43981a39b6",
              "parentUUID": "5ff02386-978c-44ac-ae48-0f0952a50d4b",
              "isHook": false,
              "skipped": false
            }
          ],
          "suites": [],
          "passes": [],
          "failures": [
            "b28bcd5c-8b6b-4134-8d79-fd43981a39b6"
          ],
          "pending": [],
          "skipped": [],
          "duration": 2142,
          "root": false,
          "rootEmpty": false,
          "_timeout": 2000
        }
      ],
      "passes": [],
      "failures": [],
      "pending": [],
      "skipped": [],
      "duration": 0,
      "root": true,
      "rootEmpty": true,
      "_timeout": 2000
    }
  ],
  "meta": {
    "mocha": {
      "version": "7.1.1"
    },
    "mochawesome": {
      "options": {
        "quiet": false,
        "reportFilename": "mochawesome",
        "saveHtml": false,
        "saveJson": true,
        "consoleReporter": "spec",
        "useInlineDiffs": false,
        "code": true
      },
      "version": "5.0.0"
    },
    "marge": {
      "options": {
        "id": "default",
        "reportDir": "cypress/reports/mocha",
        "overwrite": false,
        "html": false,
        "json": true
      },
      "version": "4.1.0"
    }
  }
}