{
  "stats": {
    "suites": 0,
    "tests": 0,
    "passes": 0,
    "pending": 0,
    "failures": 0,
    "start": "2020-04-06T19:18:08.867Z",
    "end": "2020-04-06T19:18:09.962Z",
    "duration": 1095,
    "testsRegistered": 1,
    "passPercent": 0,
    "pendingPercent": 0,
    "other": 1,
    "hasOther": true,
    "skipped": 1,
    "hasSkipped": true
  },
  "results": [
    {
      "uuid": "9ba46c13-b506-4ec1-815b-a0f94c51a05b",
      "title": "",
      "fullFile": "cypress/integration/Column6/dashboardRegression.spec.js",
      "file": "cypress/integration/Column6/dashboardRegression.spec.js",
      "beforeHooks": [],
      "afterHooks": [],
      "tests": [],
      "suites": [
        {
          "uuid": "32ecbf21-7de7-4996-8870-13dad78839a6",
          "title": "Dashboard regression testing",
          "fullFile": "",
          "file": "",
          "beforeHooks": [],
          "afterHooks": [],
          "tests": [
            {
              "title": "demandFlow",
              "fullTitle": "Dashboard regression testing demandFlow",
              "timedOut": null,
              "duration": 1072,
              "state": "failed",
              "speed": null,
              "pass": false,
              "fail": true,
              "pending": false,
              "context": null,
              "code": "cy.login();\ncy.createAdvertiser();\ncy.createIO();\ncy.createCampaign();\ncy.createTagMedia();",
              "err": {
                "message": "CypressError: `cy.get()` only accepts an options object for its second argument. You passed @loginLocator\n\nhttps://on.cypress.io/get\n\nBecause this error occurred during a `before all` hook we are skipping all of the remaining tests.",
                "estack": "CypressError: `cy.get()` only accepts an options object for its second argument. You passed @loginLocator\n\nhttps://on.cypress.io/get\n\nBecause this error occurred during a `before all` hook we are skipping all of the remaining tests.\n    at cypressErr (https://manageint1.altitude-arena.com/__cypress/runner/cypress_runner.js:146180:16)\n    at cypressErrByPath (https://manageint1.altitude-arena.com/__cypress/runner/cypress_runner.js:146189:10)\n    at Object.throwErrByPath (https://manageint1.altitude-arena.com/__cypress/runner/cypress_runner.js:146152:11)\n    at Context.get (https://manageint1.altitude-arena.com/__cypress/runner/cypress_runner.js:134585:26)\n    at https://manageint1.altitude-arena.com/__cypress/runner/cypress_runner.js:143990:33\n    at tryCatcher (https://manageint1.altitude-arena.com/__cypress/runner/cypress_runner.js:9059:23)\n    at Promise._settlePromiseFromHandler (https://manageint1.altitude-arena.com/__cypress/runner/cypress_runner.js:6994:31)\n    at Promise._settlePromise (https://manageint1.altitude-arena.com/__cypress/runner/cypress_runner.js:7051:18)\n    at Promise._settlePromiseCtx (https://manageint1.altitude-arena.com/__cypress/runner/cypress_runner.js:7088:10)\n    at _drainQueueStep (https://manageint1.altitude-arena.com/__cypress/runner/cypress_runner.js:3770:12)\n    at _drainQueue (https://manageint1.altitude-arena.com/__cypress/runner/cypress_runner.js:3759:9)\n    at Async.../../node_modules/bluebird/js/release/async.js.Async._drainQueues (https://manageint1.altitude-arena.com/__cypress/runner/cypress_runner.js:3775:5)\n    at Async.drainQueues (https://manageint1.altitude-arena.com/__cypress/runner/cypress_runner.js:3645:14)",
                "diff": null
              },
              "uuid": "32757be4-1a3f-42b4-b333-45fc7329512b",
              "parentUUID": null,
              "isHook": false,
              "skipped": false
            }
          ],
          "suites": [],
          "passes": [],
          "failures": [
            "32757be4-1a3f-42b4-b333-45fc7329512b"
          ],
          "pending": [],
          "skipped": [],
          "duration": 1072,
          "root": false,
          "rootEmpty": false,
          "_timeout": 2000
        }
      ],
      "passes": [],
      "failures": [],
      "pending": [],
      "skipped": [],
      "duration": 0,
      "root": true,
      "rootEmpty": true,
      "_timeout": 2000
    }
  ],
  "meta": {
    "mocha": {
      "version": "7.1.1"
    },
    "mochawesome": {
      "options": {
        "quiet": false,
        "reportFilename": "mochawesome",
        "saveHtml": false,
        "saveJson": true,
        "consoleReporter": "spec",
        "useInlineDiffs": false,
        "code": true
      },
      "version": "5.0.0"
    },
    "marge": {
      "options": {
        "id": "default",
        "reportDir": "cypress/reports/mocha",
        "overwrite": false,
        "html": false,
        "json": true
      },
      "version": "4.1.0"
    }
  }
}