{
  "stats": {
    "suites": 1,
    "tests": 1,
    "passes": 0,
    "pending": 0,
    "failures": 1,
    "start": "2020-04-24T15:04:44.744Z",
    "end": "2020-04-24T15:04:49.545Z",
    "duration": 4801,
    "testsRegistered": 1,
    "passPercent": 0,
    "pendingPercent": 0,
    "other": 0,
    "hasOther": false,
    "skipped": 0,
    "hasSkipped": false
  },
  "results": [
    {
      "uuid": "540118a9-48d4-46ac-8cd6-3f50bb6625ae",
      "title": "",
      "fullFile": "cypress/integration/Column6/dashboardRegression.spec.js",
      "file": "cypress/integration/Column6/dashboardRegression.spec.js",
      "beforeHooks": [],
      "afterHooks": [],
      "tests": [],
      "suites": [
        {
          "uuid": "8d7d810a-ac15-4ebd-be45-af91c2bd9066",
          "title": "Dashboard regression testing",
          "fullFile": "",
          "file": "",
          "beforeHooks": [],
          "afterHooks": [],
          "tests": [
            {
              "title": "demandFlow",
              "fullTitle": "Dashboard regression testing demandFlow",
              "timedOut": null,
              "duration": 4784,
              "state": "failed",
              "speed": null,
              "pass": false,
              "fail": true,
              "pending": false,
              "context": null,
              "code": "cy.login();\ncy.createAdvertiser();\ncy.createIO();\ncy.createCampaign();\ncy.createTagMedia();",
              "err": {
                "message": "AssertionError: Timed out retrying: Expected to find element: `#login-email`, but never found it.",
                "estack": "AssertionError: Timed out retrying: Expected to find element: `#login-email`, but never found it.\n    at ensureExistence (http://localhost:3000/__cypress/runner/cypress_runner.js:137438:32)\n    at Object.ensureElExistence (http://localhost:3000/__cypress/runner/cypress_runner.js:137456:12)\n    at ensureExistence (http://localhost:3000/__cypress/runner/cypress_runner.js:127861:23)\n    at onFailFn (http://localhost:3000/__cypress/runner/cypress_runner.js:127899:9)\n    at tryCatcher (http://localhost:3000/__cypress/runner/cypress_runner.js:9059:23)\n    at Promise._settlePromiseFromHandler (http://localhost:3000/__cypress/runner/cypress_runner.js:6994:31)\n    at Promise._settlePromise (http://localhost:3000/__cypress/runner/cypress_runner.js:7051:18)\n    at Promise._settlePromise0 (http://localhost:3000/__cypress/runner/cypress_runner.js:7096:10)\n    at Promise._settlePromises (http://localhost:3000/__cypress/runner/cypress_runner.js:7172:18)\n    at _drainQueueStep (http://localhost:3000/__cypress/runner/cypress_runner.js:3766:12)\n    at _drainQueue (http://localhost:3000/__cypress/runner/cypress_runner.js:3759:9)\n    at Async.../../node_modules/bluebird/js/release/async.js.Async._drainQueues (http://localhost:3000/__cypress/runner/cypress_runner.js:3775:5)\n    at Async.drainQueues (http://localhost:3000/__cypress/runner/cypress_runner.js:3645:14)",
                "diff": null
              },
              "uuid": "9ac70331-2149-45c9-9742-2339b5714bdd",
              "parentUUID": "8d7d810a-ac15-4ebd-be45-af91c2bd9066",
              "isHook": false,
              "skipped": false
            }
          ],
          "suites": [],
          "passes": [],
          "failures": [
            "9ac70331-2149-45c9-9742-2339b5714bdd"
          ],
          "pending": [],
          "skipped": [],
          "duration": 4784,
          "root": false,
          "rootEmpty": false,
          "_timeout": 2000
        }
      ],
      "passes": [],
      "failures": [],
      "pending": [],
      "skipped": [],
      "duration": 0,
      "root": true,
      "rootEmpty": true,
      "_timeout": 2000
    }
  ],
  "meta": {
    "mocha": {
      "version": "7.1.1"
    },
    "mochawesome": {
      "options": {
        "quiet": false,
        "reportFilename": "mochawesome",
        "saveHtml": false,
        "saveJson": true,
        "consoleReporter": "spec",
        "useInlineDiffs": false,
        "code": true
      },
      "version": "5.0.0"
    },
    "marge": {
      "options": {
        "id": "default",
        "reportDir": "cypress/reports/mocha",
        "overwrite": false,
        "html": false,
        "json": true
      },
      "version": "4.1.0"
    }
  }
}