{
  "stats": {
    "suites": 1,
    "tests": 1,
    "passes": 0,
    "pending": 0,
    "failures": 1,
    "start": "2020-05-05T17:41:08.844Z",
    "end": "2020-05-05T17:41:14.339Z",
    "duration": 5495,
    "testsRegistered": 1,
    "passPercent": 0,
    "pendingPercent": 0,
    "other": 0,
    "hasOther": false,
    "skipped": 0,
    "hasSkipped": false
  },
  "results": [
    {
      "uuid": "6eae7ea7-441d-45b1-894c-bd749aa094dd",
      "title": "",
      "fullFile": "cypress/integration/Column6/newDashboard.spec.js",
      "file": "cypress/integration/Column6/newDashboard.spec.js",
      "beforeHooks": [],
      "afterHooks": [],
      "tests": [],
      "suites": [
        {
          "uuid": "718c628c-b36f-43bb-9cca-b48ba6fc7ac1",
          "title": "New Dashboard testing",
          "fullFile": "",
          "file": "",
          "beforeHooks": [],
          "afterHooks": [],
          "tests": [
            {
              "title": "DemandFlow",
              "fullTitle": "New Dashboard testing DemandFlow",
              "timedOut": null,
              "duration": 4731,
              "state": "failed",
              "speed": null,
              "pass": false,
              "fail": true,
              "pending": false,
              "context": null,
              "code": "cy.visit(\"http://localhost:3000\");\ncy.get('.MuiContainer-root > :nth-child(1)').should(\"contain.text\", \"Route not found or under construction OOPS!\");",
              "err": {
                "message": "AssertionError: Timed out retrying: expected '<p.MuiTypography-root.MuiTypography-body1>' to contain text 'Route not found or under construction OOPS!', but the text was 'Route not found or under construction'",
                "estack": "AssertionError: Timed out retrying: expected '<p.MuiTypography-root.MuiTypography-body1>' to contain text 'Route not found or under construction OOPS!', but the text was 'Route not found or under construction'\n    at applyChainer (http://localhost:3000/__cypress/runner/cypress_runner.js:131707:32)\n    at http://localhost:3000/__cypress/runner/cypress_runner.js:131748:16\n    at arrayReduce (http://localhost:3000/__cypress/runner/cypress_runner.js:18403:21)\n    at Function.reduce (http://localhost:3000/__cypress/runner/cypress_runner.js:27401:14)\n    at applyChainers (http://localhost:3000/__cypress/runner/cypress_runner.js:131738:18)\n    at tryCatcher (http://localhost:3000/__cypress/runner/cypress_runner.js:9059:23)\n    at Function.Promise.attempt.Promise.try (http://localhost:3000/__cypress/runner/cypress_runner.js:6333:29)\n    at Context.shouldFn (http://localhost:3000/__cypress/runner/cypress_runner.js:131752:23)\n    at Context.should (http://localhost:3000/__cypress/runner/cypress_runner.js:131767:23)\n    at http://localhost:3000/__cypress/runner/cypress_runner.js:127819:39\n    at assertions (http://localhost:3000/__cypress/runner/cypress_runner.js:128079:14)\n    at tryCatcher (http://localhost:3000/__cypress/runner/cypress_runner.js:9059:23)\n    at Object.gotValue (http://localhost:3000/__cypress/runner/cypress_runner.js:8203:18)\n    at Object.gotAccum (http://localhost:3000/__cypress/runner/cypress_runner.js:8190:25)\n    at Object.tryCatcher (http://localhost:3000/__cypress/runner/cypress_runner.js:9059:23)\n    at Promise._settlePromiseFromHandler (http://localhost:3000/__cypress/runner/cypress_runner.js:6994:31)",
                "diff": "- 'Route not found or under construction'\n+ 'Route not found or under construction OOPS!'\n"
              },
              "uuid": "59db8af4-e623-4cba-8f0b-1affa8956b7f",
              "parentUUID": "718c628c-b36f-43bb-9cca-b48ba6fc7ac1",
              "isHook": false,
              "skipped": false
            }
          ],
          "suites": [],
          "passes": [],
          "failures": [
            "59db8af4-e623-4cba-8f0b-1affa8956b7f"
          ],
          "pending": [],
          "skipped": [],
          "duration": 4731,
          "root": false,
          "rootEmpty": false,
          "_timeout": 2000
        }
      ],
      "passes": [],
      "failures": [],
      "pending": [],
      "skipped": [],
      "duration": 0,
      "root": true,
      "rootEmpty": true,
      "_timeout": 2000
    }
  ],
  "meta": {
    "mocha": {
      "version": "7.1.1"
    },
    "mochawesome": {
      "options": {
        "quiet": false,
        "reportFilename": "mochawesome",
        "saveHtml": false,
        "saveJson": true,
        "consoleReporter": "spec",
        "useInlineDiffs": false,
        "code": true
      },
      "version": "5.0.0"
    },
    "marge": {
      "options": {
        "id": "default",
        "reportDir": "cypress/reports/mocha",
        "overwrite": false,
        "html": false,
        "json": true
      },
      "version": "4.1.0"
    }
  }
}