{
  "stats": {
    "suites": 1,
    "tests": 1,
    "passes": 1,
    "pending": 0,
    "failures": 0,
    "start": "2020-04-23T18:57:39.863Z",
    "end": "2020-04-23T18:57:58.027Z",
    "duration": 18164,
    "testsRegistered": 1,
    "passPercent": 100,
    "pendingPercent": 0,
    "other": 0,
    "hasOther": false,
    "skipped": 0,
    "hasSkipped": false
  },
  "results": [
    {
      "uuid": "9027f260-ba7a-4745-8eea-fe092c15a108",
      "title": "",
      "fullFile": "cypress/integration/Column6/dashboardRegression.spec.js",
      "file": "cypress/integration/Column6/dashboardRegression.spec.js",
      "beforeHooks": [],
      "afterHooks": [],
      "tests": [],
      "suites": [
        {
          "uuid": "0903a220-045a-4e87-a8e3-5631e8ab6dee",
          "title": "Dashboard regression testing",
          "fullFile": "",
          "file": "",
          "beforeHooks": [],
          "afterHooks": [],
          "tests": [
            {
              "title": "demandFlow",
              "fullTitle": "Dashboard regression testing demandFlow",
              "timedOut": null,
              "duration": 18100,
              "state": "passed",
              "speed": "slow",
              "pass": true,
              "fail": false,
              "pending": false,
              "context": null,
              "code": "cy.login();\ncy.createAdvertiser();\ncy.createIO();\ncy.createCampaign();\ncy.createTagMedia();",
              "err": {},
              "uuid": "3ed5c1a1-2772-4914-aa11-59a2ee59db89",
              "parentUUID": "0903a220-045a-4e87-a8e3-5631e8ab6dee",
              "isHook": false,
              "skipped": false
            }
          ],
          "suites": [],
          "passes": [
            "3ed5c1a1-2772-4914-aa11-59a2ee59db89"
          ],
          "failures": [],
          "pending": [],
          "skipped": [],
          "duration": 18100,
          "root": false,
          "rootEmpty": false,
          "_timeout": 2000
        }
      ],
      "passes": [],
      "failures": [],
      "pending": [],
      "skipped": [],
      "duration": 0,
      "root": true,
      "rootEmpty": true,
      "_timeout": 2000
    }
  ],
  "meta": {
    "mocha": {
      "version": "7.1.1"
    },
    "mochawesome": {
      "options": {
        "quiet": false,
        "reportFilename": "mochawesome",
        "saveHtml": false,
        "saveJson": true,
        "consoleReporter": "spec",
        "useInlineDiffs": false,
        "code": true
      },
      "version": "5.0.0"
    },
    "marge": {
      "options": {
        "id": "default",
        "reportDir": "cypress/reports/mocha",
        "overwrite": false,
        "html": false,
        "json": true
      },
      "version": "4.1.0"
    }
  }
}