{
  "stats": {
    "suites": 1,
    "tests": 1,
    "passes": 0,
    "pending": 0,
    "failures": 1,
    "start": "2020-04-13T13:36:16.777Z",
    "end": "2020-04-13T13:36:18.952Z",
    "duration": 2175,
    "testsRegistered": 1,
    "passPercent": 0,
    "pendingPercent": 0,
    "other": 0,
    "hasOther": false,
    "skipped": 0,
    "hasSkipped": false
  },
  "results": [
    {
      "uuid": "b50376eb-0250-473a-b024-4454d2774eb9",
      "title": "",
      "fullFile": "cypress/integration/Column6/newDashboard.spec.js",
      "file": "cypress/integration/Column6/newDashboard.spec.js",
      "beforeHooks": [],
      "afterHooks": [],
      "tests": [],
      "suites": [
        {
          "uuid": "36a867f6-e655-4da8-ac39-f7e40c29a415",
          "title": "New Dashboard testing",
          "fullFile": "",
          "file": "",
          "beforeHooks": [],
          "afterHooks": [],
          "tests": [
            {
              "title": "DemandFlow",
              "fullTitle": "New Dashboard testing DemandFlow",
              "timedOut": null,
              "duration": 2157,
              "state": "failed",
              "speed": null,
              "pass": false,
              "fail": true,
              "pending": false,
              "context": null,
              "code": "cy.visit(\"http://localhost:3000\");",
              "err": {
                "message": "CypressError: `cy.visit()` failed trying to load:\n\nhttp://localhost:3000/\n\nWe attempted to make an http request to this URL but the request failed without a response.\n\nWe received this error at the network level:\n\n  > Error: connect ECONNREFUSED 127.0.0.1:3000\n\nCommon situations why this would fail:\n  - you don't have internet access\n  - you forgot to run / boot your web server\n  - your web server isn't accessible\n  - you have weird network configuration settings on your computer\n\nThe stack trace for this error is:\n\nError: connect ECONNREFUSED 127.0.0.1:3000\n    at TCPConnectWrap.afterConnect [as oncomplete] (net.js:1128:14)\n",
                "estack": "CypressError: `cy.visit()` failed trying to load:\n\nhttp://localhost:3000/\n\nWe attempted to make an http request to this URL but the request failed without a response.\n\nWe received this error at the network level:\n\n  > Error: connect ECONNREFUSED 127.0.0.1:3000\n\nCommon situations why this would fail:\n  - you don't have internet access\n  - you forgot to run / boot your web server\n  - your web server isn't accessible\n  - you have weird network configuration settings on your computer\n\nThe stack trace for this error is:\n\nError: connect ECONNREFUSED 127.0.0.1:3000\n    at TCPConnectWrap.afterConnect [as oncomplete] (net.js:1128:14)\n\n",
                "diff": null
              },
              "uuid": "aedce0c1-1c33-4dda-ab23-9041178111ad",
              "parentUUID": "36a867f6-e655-4da8-ac39-f7e40c29a415",
              "isHook": false,
              "skipped": false
            }
          ],
          "suites": [],
          "passes": [],
          "failures": [
            "aedce0c1-1c33-4dda-ab23-9041178111ad"
          ],
          "pending": [],
          "skipped": [],
          "duration": 2157,
          "root": false,
          "rootEmpty": false,
          "_timeout": 2000
        }
      ],
      "passes": [],
      "failures": [],
      "pending": [],
      "skipped": [],
      "duration": 0,
      "root": true,
      "rootEmpty": true,
      "_timeout": 2000
    }
  ],
  "meta": {
    "mocha": {
      "version": "7.1.1"
    },
    "mochawesome": {
      "options": {
        "quiet": false,
        "reportFilename": "mochawesome",
        "saveHtml": false,
        "saveJson": true,
        "consoleReporter": "spec",
        "useInlineDiffs": false,
        "code": true
      },
      "version": "5.0.0"
    },
    "marge": {
      "options": {
        "id": "default",
        "reportDir": "cypress/reports/mocha",
        "overwrite": false,
        "html": false,
        "json": true
      },
      "version": "4.1.0"
    }
  }
}