{
  "stats": {
    "suites": 1,
    "tests": 1,
    "passes": 0,
    "pending": 0,
    "failures": 1,
    "start": "2020-04-15T16:14:23.840Z",
    "end": "2020-04-15T16:14:26.977Z",
    "duration": 3137,
    "testsRegistered": 1,
    "passPercent": 0,
    "pendingPercent": 0,
    "other": 0,
    "hasOther": false,
    "skipped": 0,
    "hasSkipped": false
  },
  "results": [
    {
      "uuid": "e6071e9d-cf79-422c-8d1f-6ef790df689c",
      "title": "",
      "fullFile": "cypress/integration/Column6/dashboardRegression.spec.js",
      "file": "cypress/integration/Column6/dashboardRegression.spec.js",
      "beforeHooks": [],
      "afterHooks": [],
      "tests": [],
      "suites": [
        {
          "uuid": "69f64b8f-355d-4b58-aa51-acf1fbb6f7f5",
          "title": "Dashboard regression testing",
          "fullFile": "",
          "file": "",
          "beforeHooks": [],
          "afterHooks": [],
          "tests": [
            {
              "title": "demandFlow",
              "fullTitle": "Dashboard regression testing demandFlow",
              "timedOut": null,
              "duration": 3120,
              "state": "failed",
              "speed": null,
              "pass": false,
              "fail": true,
              "pending": false,
              "context": null,
              "code": "cy.login();\ncy.createAdvertiser();\ncy.createIO();\ncy.createCampaign();\ncy.createTagMedia();",
              "err": {
                "message": "CypressError: `cy.visit()` failed trying to load:\n\nhttps://managedev2genint1.altitude-arena.com/undefined/login\n\nThe response we received from your web server was:\n\n  > 404: Not Found\n\nThis was considered a failure because the status code was not `2xx`.\n\nIf you do not want status codes to cause failures pass the option: `failOnStatusCode: false`",
                "estack": "CypressError: `cy.visit()` failed trying to load:\n\nhttps://managedev2genint1.altitude-arena.com/undefined/login\n\nThe response we received from your web server was:\n\n  > 404: Not Found\n\nThis was considered a failure because the status code was not `2xx`.\n\nIf you do not want status codes to cause failures pass the option: `failOnStatusCode: false`\n    at cypressErr (https://managedev2genint1.altitude-arena.com/__cypress/runner/cypress_runner.js:146180:16)\n    at cypressErrByPath (https://managedev2genint1.altitude-arena.com/__cypress/runner/cypress_runner.js:146189:10)\n    at Object.throwErrByPath (https://managedev2genint1.altitude-arena.com/__cypress/runner/cypress_runner.js:146152:11)\n    at https://managedev2genint1.altitude-arena.com/__cypress/runner/cypress_runner.js:134410:34\n    at visitFailedByErr (https://managedev2genint1.altitude-arena.com/__cypress/runner/cypress_runner.js:133923:12)\n    at https://managedev2genint1.altitude-arena.com/__cypress/runner/cypress_runner.js:134391:22\n    at tryCatcher (https://managedev2genint1.altitude-arena.com/__cypress/runner/cypress_runner.js:9059:23)\n    at Promise._settlePromiseFromHandler (https://managedev2genint1.altitude-arena.com/__cypress/runner/cypress_runner.js:6994:31)\n    at Promise._settlePromise (https://managedev2genint1.altitude-arena.com/__cypress/runner/cypress_runner.js:7051:18)\n    at Promise._settlePromise0 (https://managedev2genint1.altitude-arena.com/__cypress/runner/cypress_runner.js:7096:10)\n    at Promise._settlePromises (https://managedev2genint1.altitude-arena.com/__cypress/runner/cypress_runner.js:7172:18)\n    at _drainQueueStep (https://managedev2genint1.altitude-arena.com/__cypress/runner/cypress_runner.js:3766:12)\n    at _drainQueue (https://managedev2genint1.altitude-arena.com/__cypress/runner/cypress_runner.js:3759:9)\n    at Async.../../node_modules/bluebird/js/release/async.js.Async._drainQueues (https://managedev2genint1.altitude-arena.com/__cypress/runner/cypress_runner.js:3775:5)\n    at Async.drainQueues (https://managedev2genint1.altitude-arena.com/__cypress/runner/cypress_runner.js:3645:14)",
                "diff": null
              },
              "uuid": "6787904a-a06b-4f1e-a3a4-c00400c31376",
              "parentUUID": "69f64b8f-355d-4b58-aa51-acf1fbb6f7f5",
              "isHook": false,
              "skipped": false
            }
          ],
          "suites": [],
          "passes": [],
          "failures": [
            "6787904a-a06b-4f1e-a3a4-c00400c31376"
          ],
          "pending": [],
          "skipped": [],
          "duration": 3120,
          "root": false,
          "rootEmpty": false,
          "_timeout": 2000
        }
      ],
      "passes": [],
      "failures": [],
      "pending": [],
      "skipped": [],
      "duration": 0,
      "root": true,
      "rootEmpty": true,
      "_timeout": 2000
    }
  ],
  "meta": {
    "mocha": {
      "version": "7.1.1"
    },
    "mochawesome": {
      "options": {
        "quiet": false,
        "reportFilename": "mochawesome",
        "saveHtml": false,
        "saveJson": true,
        "consoleReporter": "spec",
        "useInlineDiffs": false,
        "code": true
      },
      "version": "5.0.0"
    },
    "marge": {
      "options": {
        "id": "default",
        "reportDir": "cypress/reports/mocha",
        "overwrite": false,
        "html": false,
        "json": true
      },
      "version": "4.1.0"
    }
  }
}